-------------------------------------------------------------------------------
Test set: GoogleTest
-------------------------------------------------------------------------------
Tests run: 1, Failures: 1, Errors: 0, Skipped: 0, Time elapsed: 13.745 sec <<< FAILURE! - in GoogleTest
googleTest  Time elapsed: 13.742 sec  <<< FAILURE!
org.opentest4j.AssertionFailedError: El resultado no es correcto ==> expected: <149.15> but was: <149.70>
	at GoogleTest.googleTest(GoogleTest.java:29)

